Base path: C:/Program Files/Unity/Editor/Data
Cmd: initializeCompiler
Cmd: preprocess
  insize=9667 outsize=1870 ok=1
Cmd: preprocess
  insize=11459 outsize=690 ok=1
Cmd: preprocess
  insize=1375 outsize=618 ok=1
Cmd: preprocess
  insize=1291 outsize=456 ok=1
Cmd: preprocess
  insize=11729 outsize=762 ok=1
Cmd: preprocess
  insize=1849 outsize=406 ok=1
Cmd: preprocess
  insize=1071 outsize=404 ok=1
Cmd: preprocess
  insize=1136 outsize=363 ok=1
Cmd: preprocess
  insize=2120 outsize=459 ok=1
Cmd: preprocess
  insize=1541 outsize=461 ok=1
Cmd: preprocess
  insize=760 outsize=282 ok=1
Cmd: preprocess
  insize=4167 outsize=662 ok=1
Cmd: preprocess
  insize=2169 outsize=726 ok=1
Cmd: preprocess
  insize=1895 outsize=1087 ok=1
Cmd: compileSnippet
  api=4 type=0 insize=1153 outsize=778 kw= pd=UNITY_ENABLE_REFLECTION_BUFFERS UNITY_USE_DITHER_MASK_FOR_ALPHABLENDED_SHADOWS UNITY_PBS_USE_BRDF1 UNITY_SPECCUBE_BOX_PROJECTION UNITY_SPECCUBE_BLENDING UNITY_ENABLE_DETAIL_NORMALMAP SHADER_API_DESKTOP UNITY_COLORSPACE_GAMMA UNITY_LIGHT_PROBE_PROXY_VOLUME ok=1
Cmd: compileSnippet
  api=4 type=1 insize=1153 outsize=470 kw= pd=UNITY_ENABLE_REFLECTION_BUFFERS UNITY_USE_DITHER_MASK_FOR_ALPHABLENDED_SHADOWS UNITY_PBS_USE_BRDF1 UNITY_SPECCUBE_BOX_PROJECTION UNITY_SPECCUBE_BLENDING UNITY_ENABLE_DETAIL_NORMALMAP SHADER_API_DESKTOP UNITY_COLORSPACE_GAMMA UNITY_LIGHT_PROBE_PROXY_VOLUME ok=1
Cmd: preprocess
  insize=1079 outsize=340 ok=1
Cmd: preprocess
  insize=1060 outsize=1391 ok=1
Cmd: compileSnippet
  api=4 type=0 insize=14783 outsize=1778 kw=DIRECTIONAL pd=UNITY_ENABLE_REFLECTION_BUFFERS UNITY_USE_DITHER_MASK_FOR_ALPHABLENDED_SHADOWS UNITY_PBS_USE_BRDF1 UNITY_SPECCUBE_BOX_PROJECTION UNITY_SPECCUBE_BLENDING UNITY_ENABLE_DETAIL_NORMALMAP SHADER_API_DESKTOP UNITY_COLORSPACE_GAMMA UNITY_LIGHT_PROBE_PROXY_VOLUME ok=1
Cmd: compileSnippet
  api=4 type=1 insize=14783 outsize=1498 kw=DIRECTIONAL pd=UNITY_ENABLE_REFLECTION_BUFFERS UNITY_USE_DITHER_MASK_FOR_ALPHABLENDED_SHADOWS UNITY_PBS_USE_BRDF1 UNITY_SPECCUBE_BOX_PROJECTION UNITY_SPECCUBE_BLENDING UNITY_ENABLE_DETAIL_NORMALMAP SHADER_API_DESKTOP UNITY_COLORSPACE_GAMMA UNITY_LIGHT_PROBE_PROXY_VOLUME ok=1
Cmd: compileSnippet
  api=4 type=0 insize=4511 outsize=1110 kw=POINT pd=UNITY_ENABLE_REFLECTION_BUFFERS UNITY_USE_DITHER_MASK_FOR_ALPHABLENDED_SHADOWS UNITY_PBS_USE_BRDF1 UNITY_SPECCUBE_BOX_PROJECTION UNITY_SPECCUBE_BLENDING UNITY_ENABLE_DETAIL_NORMALMAP SHADER_API_DESKTOP UNITY_COLORSPACE_GAMMA UNITY_LIGHT_PROBE_PROXY_VOLUME ok=1
Cmd: compileSnippet
  api=4 type=1 insize=4511 outsize=1798 kw=POINT pd=UNITY_ENABLE_REFLECTION_BUFFERS UNITY_USE_DITHER_MASK_FOR_ALPHABLENDED_SHADOWS UNITY_PBS_USE_BRDF1 UNITY_SPECCUBE_BOX_PROJECTION UNITY_SPECCUBE_BLENDING UNITY_ENABLE_DETAIL_NORMALMAP SHADER_API_DESKTOP UNITY_COLORSPACE_GAMMA UNITY_LIGHT_PROBE_PROXY_VOLUME ok=1
Cmd: compileSnippet
  api=4 type=0 insize=7341 outsize=1042 kw= pd=UNITY_ENABLE_REFLECTION_BUFFERS UNITY_USE_DITHER_MASK_FOR_ALPHABLENDED_SHADOWS UNITY_PBS_USE_BRDF1 UNITY_SPECCUBE_BOX_PROJECTION UNITY_SPECCUBE_BLENDING UNITY_ENABLE_DETAIL_NORMALMAP SHADER_API_DESKTOP UNITY_COLORSPACE_GAMMA UNITY_LIGHT_PROBE_PROXY_VOLUME ok=1
Cmd: compileSnippet
  api=4 type=1 insize=7341 outsize=338 kw= pd=UNITY_ENABLE_REFLECTION_BUFFERS UNITY_USE_DITHER_MASK_FOR_ALPHABLENDED_SHADOWS UNITY_PBS_USE_BRDF1 UNITY_SPECCUBE_BOX_PROJECTION UNITY_SPECCUBE_BLENDING UNITY_ENABLE_DETAIL_NORMALMAP SHADER_API_DESKTOP UNITY_COLORSPACE_GAMMA UNITY_LIGHT_PROBE_PROXY_VOLUME ok=1
Cmd: compileSnippet
  api=4 type=0 insize=13167 outsize=1970 kw= pd=UNITY_ENABLE_REFLECTION_BUFFERS UNITY_USE_DITHER_MASK_FOR_ALPHABLENDED_SHADOWS UNITY_PBS_USE_BRDF1 UNITY_SPECCUBE_BOX_PROJECTION UNITY_SPECCUBE_BLENDING UNITY_ENABLE_DETAIL_NORMALMAP SHADER_API_DESKTOP UNITY_COLORSPACE_GAMMA UNITY_LIGHT_PROBE_PROXY_VOLUME ok=1
Cmd: compileSnippet
  api=4 type=1 insize=13167 outsize=926 kw= pd=UNITY_ENABLE_REFLECTION_BUFFERS UNITY_USE_DITHER_MASK_FOR_ALPHABLENDED_SHADOWS UNITY_PBS_USE_BRDF1 UNITY_SPECCUBE_BOX_PROJECTION UNITY_SPECCUBE_BLENDING UNITY_ENABLE_DETAIL_NORMALMAP SHADER_API_DESKTOP UNITY_COLORSPACE_GAMMA UNITY_LIGHT_PROBE_PROXY_VOLUME ok=1
Cmd: compileSnippet
  api=4 type=0 insize=13049 outsize=1778 kw= pd=UNITY_ENABLE_REFLECTION_BUFFERS UNITY_USE_DITHER_MASK_FOR_ALPHABLENDED_SHADOWS UNITY_PBS_USE_BRDF1 UNITY_SPECCUBE_BOX_PROJECTION UNITY_SPECCUBE_BLENDING UNITY_ENABLE_DETAIL_NORMALMAP SHADER_API_DESKTOP UNITY_COLORSPACE_GAMMA UNITY_LIGHT_PROBE_PROXY_VOLUME ok=1
Cmd: compileSnippet
  api=4 type=1 insize=13049 outsize=1030 kw= pd=UNITY_ENABLE_REFLECTION_BUFFERS UNITY_USE_DITHER_MASK_FOR_ALPHABLENDED_SHADOWS UNITY_PBS_USE_BRDF1 UNITY_SPECCUBE_BOX_PROJECTION UNITY_SPECCUBE_BLENDING UNITY_ENABLE_DETAIL_NORMALMAP SHADER_API_DESKTOP UNITY_COLORSPACE_GAMMA UNITY_LIGHT_PROBE_PROXY_VOLUME ok=1
Cmd: compileSnippet
  api=4 type=0 insize=4203 outsize=1490 kw= pd=UNITY_ENABLE_REFLECTION_BUFFERS UNITY_USE_DITHER_MASK_FOR_ALPHABLENDED_SHADOWS UNITY_PBS_USE_BRDF1 UNITY_SPECCUBE_BOX_PROJECTION UNITY_SPECCUBE_BLENDING UNITY_ENABLE_DETAIL_NORMALMAP SHADER_API_DESKTOP UNITY_COLORSPACE_GAMMA UNITY_LIGHT_PROBE_PROXY_VOLUME ok=1
Cmd: compileSnippet
  api=4 type=1 insize=4203 outsize=902 kw= pd=UNITY_ENABLE_REFLECTION_BUFFERS UNITY_USE_DITHER_MASK_FOR_ALPHABLENDED_SHADOWS UNITY_PBS_USE_BRDF1 UNITY_SPECCUBE_BOX_PROJECTION UNITY_SPECCUBE_BLENDING UNITY_ENABLE_DETAIL_NORMALMAP SHADER_API_DESKTOP UNITY_COLORSPACE_GAMMA UNITY_LIGHT_PROBE_PROXY_VOLUME ok=1
Cmd: preprocess
  insize=1376 outsize=458 ok=1
Cmd: preprocess
  error: 2 plat 20 at (42): Can't find include file frag_ao.cginc
  error: 2 plat 20 at (46): Can't find include file frag_ao.cginc
  error: 2 plat 20 at (50): Can't find include file frag_ao.cginc
  error: 2 plat 20 at (54): Can't find include file frag_ao.cginc
  error: 2 plat 20 at (59): Can't find include file frag_ao.cginc
  insize=7001 outsize=753 ok=0
Cmd: preprocess
  insize=1447 outsize=362 ok=1
Cmd: preprocess
  insize=3113 outsize=747 ok=1
Cmd: preprocess
  insize=2105 outsize=510 ok=1
Cmd: preprocess
  insize=1664 outsize=439 ok=1
Cmd: preprocess
  insize=1539 outsize=315 ok=1
Cmd: preprocess
  insize=2005 outsize=321 ok=1
Cmd: preprocess
  insize=1558 outsize=402 ok=1
Cmd: preprocess
  insize=1479 outsize=376 ok=1
Cmd: preprocess
  insize=2477 outsize=700 ok=1
Cmd: preprocess
  insize=1104 outsize=323 ok=1
Cmd: preprocess
  insize=741 outsize=288 ok=1
Cmd: preprocess
  insize=6695 outsize=929 ok=1
Cmd: preprocess
  insize=33774 outsize=324 ok=1
Cmd: preprocess
  insize=1349 outsize=315 ok=1
Cmd: preprocess
  insize=4766 outsize=525 ok=1
Cmd: preprocess
  insize=1135 outsize=322 ok=1
Cmd: preprocess
  insize=6134 outsize=1591 ok=1
Cmd: preprocess
  insize=13994 outsize=1814 ok=1
Cmd: preprocess
  insize=1169 outsize=407 ok=1
Cmd: preprocess
  insize=6525 outsize=700 ok=1
Cmd: preprocess
  insize=3055 outsize=731 ok=1
Cmd: preprocess
  insize=12256 outsize=2576 ok=1
Cmd: preprocess
  insize=14430 outsize=2141 ok=1
Cmd: preprocess
  insize=807 outsize=212 ok=1
Cmd: preprocess
  insize=1442 outsize=484 ok=1
Cmd: preprocess
  insize=2949 outsize=1143 ok=1
Cmd: preprocess
  insize=2099 outsize=347 ok=1
Cmd: preprocess
  insize=27159 outsize=3684 ok=1
Cmd: preprocess
  insize=4245 outsize=552 ok=1
Cmd: preprocess
  insize=2312 outsize=353 ok=1
Cmd: preprocess
  insize=1316 outsize=409 ok=1
Cmd: preprocess
  insize=1336 outsize=484 ok=1
Cmd: preprocess
  insize=776 outsize=234 ok=1
Cmd: preprocess
  insize=1568 outsize=619 ok=1
Cmd: preprocess
  insize=6188 outsize=820 ok=1
Cmd: preprocess
  insize=6375 outsize=703 ok=1
Cmd: preprocess
  insize=620 outsize=331 ok=1
Cmd: preprocess
  insize=8990 outsize=986 ok=1
Cmd: preprocess
  insize=33783 outsize=324 ok=1
Cmd: preprocess
  insize=5544 outsize=1822 ok=1
Cmd: preprocess
  insize=7211 outsize=305 ok=1
Cmd: preprocess
  insize=5733 outsize=466 ok=1
Cmd: preprocess
  insize=336 outsize=336 ok=1
Cmd: preprocess
  insize=5631 outsize=859 ok=1
Cmd: preprocess
  insize=1004 outsize=1805 ok=1
Cmd: preprocess
  insize=6239 outsize=1242 ok=1
Cmd: preprocess
  insize=757 outsize=285 ok=1
Cmd: preprocess
  insize=4583 outsize=623 ok=1
Cmd: preprocess
  insize=1000 outsize=347 ok=1
Cmd: preprocess
  insize=1613 outsize=345 ok=1
Cmd: preprocess
  insize=2219 outsize=1023 ok=1
Cmd: preprocess
  insize=1745 outsize=1633 ok=1
Cmd: preprocess
  insize=5469 outsize=729 ok=1
Cmd: preprocess
  insize=1222 outsize=547 ok=1
Cmd: preprocess
  insize=638 outsize=313 ok=1
Cmd: preprocess
  insize=852 outsize=365 ok=1
Cmd: preprocess
  insize=5733 outsize=847 ok=1
